<?xml version="1.0" encoding="UTF-8"?>
<!-- Generated by org.testng.reporters.JUnitXMLReporter -->
<testsuite hostname="Anna-PC" name="Default test" tests="4" failures="0" timestamp="20 Feb 2015 00:56:04 GMT" time="25.918" errors="0">
  <testcase name="testEmptyGroupCreation" time="2.756" classname="com.example.tests.GroupCreationTests"/>
  <testcase name="testNonEmptyGroupCreation" time="2.996" classname="com.example.tests.GroupCreationTests"/>
  <testcase name="testEmptyContact" time="3.216" classname="com.example.tests.ContactCreationTests"/>
  <testcase name="testNonEmptyContact" time="3.35" classname="com.example.tests.ContactCreationTests"/>
</testsuite> <!-- Default test -->
