<?xml version="1.0" encoding="UTF-8"?>
<!-- Generated by org.testng.reporters.JUnitXMLReporter -->
<testsuite hostname="Anna-PC" name="Default test" tests="4" failures="0" timestamp="23 Feb 2015 16:40:46 GMT" time="38.115" errors="0">
  <testcase name="testEmptyGroupCreation" time="6.831" classname="com.example.tests.GroupCreationTests"/>
  <testcase name="testNonEmptyGroupCreation" time="3.412" classname="com.example.tests.GroupCreationTests"/>
  <testcase name="testEmptyContact" time="3.776" classname="com.example.tests.ContactCreationTests"/>
  <testcase name="testNonEmptyContact" time="4.551" classname="com.example.tests.ContactCreationTests"/>
</testsuite> <!-- Default test -->
